08:36:59 **** Incremental Build of configuration Debug for project TechApps.Dip.Native ****
Info: Internal Builder is used for build
g++ "-IC:\\Program Files\\Java\\jdk1.8.0_111\\include" "-IC:\\Program Files (x86)\\Intel\\oneAPI\\mkl\\2021.4.0\\include" "-IC:\\Program Files\\Java\\jdk1.8.0_111\\include\\win32" -O0 -g3 -Wall -c -fmessage-length=0 -o "jni\\DipSlopePWD.o" "..\\jni\\DipSlopePWD.cpp" 
g++ -shared -o libTechApps.Dip.Native.exe "jni\\DipSlopePWD.o" 
Info: Nothing to build for TechApps.Dip.Native
08:37:48 **** Clean-only build of configuration Debug for project TechApps.Dip.Native ****
rm -rf jni/tempCodeRunnerFile.o jni/DipSlopePWD.d jni/DipSlopePWD.o libTechApps.Dip.Native.exe jni/tempCodeRunnerFile.d 
08:38:05 **** Rebuild of configuration Debug for project TechApps.Dip.Native ****
Info: Internal Builder is used for build
g++ "-IC:\\Program Files\\Java\\jdk1.8.0_111\\include" "-IC:\\Program Files (x86)\\Intel\\oneAPI\\mkl\\2021.4.0\\include" "-IC:\\Program Files\\Java\\jdk1.8.0_111\\include\\win32" -O0 -g3 -Wall -c -fmessage-length=0 -o "jni\\DipSlopePWD.o" "..\\jni\\DipSlopePWD.cpp" 
g++ "-IC:\\Program Files\\Java\\jdk1.8.0_111\\include" "-IC:\\Program Files (x86)\\Intel\\oneAPI\\mkl\\2021.4.0\\include" "-IC:\\Program Files\\Java\\jdk1.8.0_111\\include\\win32" -O0 -g3 -Wall -c -fmessage-length=0 -o "jni\\tempCodeRunnerFile.o" "..\\jni\\tempCodeRunnerFile.cpp" 
..\jni\tempCodeRunnerFile.cpp:1:1: error: 'COLSIZE' does not name a type
    1 | COLSIZE
      | ^~~~~~~
10:08:10 **** Incremental Build of configuration Debug for project TechApps.Dip.Native ****
Info: Internal Builder is used for build
g++ "-IC:\\Program Files\\Java\\jdk1.8.0_111\\include" "-IC:\\Program Files (x86)\\Intel\\oneAPI\\mkl\\2021.4.0\\include" "-IC:\\Program Files\\Java\\jdk1.8.0_111\\include\\win32" -O0 -g3 -Wall -c -fmessage-length=0 -o "jni\\tempCodeRunnerFile.o" "..\\jni\\tempCodeRunnerFile.cpp" 
..\jni\tempCodeRunnerFile.cpp:1:1: error: 'COLSIZE' does not name a type
    1 | COLSIZE
      | ^~~~~~~
09:32:27 **** Incremental Build of configuration Debug for project TechApps.Dip.Native ****
Info: Internal Builder is used for build
g++ "-IC:\\Program Files\\Java\\jdk1.8.0_111\\include" "-IC:\\Program Files (x86)\\Intel\\oneAPI\\mkl\\2021.4.0\\include" "-IC:\\Program Files\\Java\\jdk1.8.0_111\\include\\win32" -O0 -g3 -Wall -c -fmessage-length=0 -o "jni\\DipSlopePWD.o" "..\\jni\\DipSlopePWD.cpp" 
..\jni\DipSlopePWD.cpp: In function 'int main()':
..\jni\DipSlopePWD.cpp:30:23: warning: comparison of integer expressions of different signedness: 'int' and 'std::vector<std::vector<_MKL_Complex8> >::size_type' {aka 'long long unsigned int'} [-Wsign-compare]
   30 |     for (int i = 0; i < c_array.size(); i++) {
      |                     ~~^~~~~~~~~~~~~~~~
..\jni\DipSlopePWD.cpp:31:27: warning: comparison of integer expressions of different signedness: 'int' and 'std::vector<_MKL_Complex8>::size_type' {aka 'long long unsigned int'} [-Wsign-compare]
   31 |         for (int j = 0; j < c_array[0].size(); j++) {
      |                         ~~^~~~~~~~~~~~~~~~~~~
..\jni\DipSlopePWD.cpp:42:19: warning: comparison of integer expressions of different signedness: 'int' and 'std::vector<std::vector<_MKL_Complex8> >::size_type' {aka 'long long unsigned int'} [-Wsign-compare]
   42 |     for(int r=0; r<kernelWin.size(); r++){
      |                  ~^~~~~~~~~~~~~~~~~
..\jni\DipSlopePWD.cpp:43:23: warning: comparison of integer expressions of different signedness: 'int' and 'std::vector<_MKL_Complex8>::size_type' {aka 'long long unsigned int'} [-Wsign-compare]
   43 |         for(int c=0; c<kernelWin[0].size(); c++){
      |                      ~^~~~~~~~~~~~~~~~~~~~
..\jni\DipSlopePWD.cpp:54:23: warning: comparison of integer expressions of different signedness: 'int' and 'std::vector<std::vector<_MKL_Complex8> >::size_type' {aka 'long long unsigned int'} [-Wsign-compare]
   54 |     for (int r = 0; r < result.size(); r++)
      |                     ~~^~~~~~~~~~~~~~~
..\jni\DipSlopePWD.cpp:56:27: warning: comparison of integer expressions of different signedness: 'int' and 'std::vector<_MKL_Complex8>::size_type' {aka 'long long unsigned int'} [-Wsign-compare]
   56 |         for (int c = 0; c < result[0].size(); c++)
      |                         ~~^~~~~~~~~~~~~~~~~~
..\jni\DipSlopePWD.cpp: In member function 'std::vector<std::vector<float> > DIP::Calculate(std::vector<std::vector<std::vector<float> > >, Index3D, Index3D, int, const std::vector<_MKL_Complex8>&)':
..\jni\DipSlopePWD.cpp:170:23: warning: comparison of integer expressions of different signedness: 'int' and 'std::vector<std::vector<float> >::size_type' {aka 'long long unsigned int'} [-Wsign-compare]
  170 |     for (int i = 0; i < dt.size(); i++)
      |                     ~~^~~~~~~~~~~
..\jni\DipSlopePWD.cpp:172:27: warning: comparison of integer expressions of different signedness: 'int' and 'std::vector<float>::size_type' {aka 'long long unsigned int'} [-Wsign-compare]
  172 |         for (int j = 0; j < dt[0].size(); j++)
      |                         ~~^~~~~~~~~~~~~~
..\jni\DipSlopePWD.cpp:185:23: warning: comparison of integer expressions of different signedness: 'int' and 'std::vector<std::vector<_MKL_Complex8> >::size_type' {aka 'long long unsigned int'} [-Wsign-compare]
  185 |     for (int i = 0; i < resultDtDx.size(); i++)
      |                     ~~^~~~~~~~~~~~~~~~~~~
..\jni\DipSlopePWD.cpp:187:27: warning: comparison of integer expressions of different signedness: 'int' and 'std::vector<_MKL_Complex8>::size_type' {aka 'long long unsigned int'} [-Wsign-compare]
  187 |         for (int j = 0; j < resultDtDx[0].size(); j++)
      |                         ~~^~~~~~~~~~~~~~~~~~~~~~
..\jni\DipSlopePWD.cpp:214:23: warning: comparison of integer expressions of different signedness: 'int' and 'std::vector<std::vector<_MKL_Complex8> >::size_type' {aka 'long long unsigned int'} [-Wsign-compare]
  214 |     for (int i = 0; i < resultPp.size(); i++)
      |                     ~~^~~~~~~~~~~~~~~~~
..\jni\DipSlopePWD.cpp:216:27: warning: comparison of integer expressions of different signedness: 'int' and 'std::vector<_MKL_Complex8>::size_type' {aka 'long long unsigned int'} [-Wsign-compare]
  216 |         for (int j = 0; j < resultPp[0].size(); j++)
      |                         ~~^~~~~~~~~~~~~~~~~~~~
..\jni\DipSlopePWD.cpp: In member function 'std::vector<std::vector<_MKL_Complex8> > DIP::Convolution(const std::vector<_MKL_Complex8>&, std::vector<std::vector<_MKL_Complex8> >)':
..\jni\DipSlopePWD.cpp:253:19: warning: comparison of integer expressions of different signedness: 'int' and 'std::vector<std::vector<_MKL_Complex8> >::size_type' {aka 'long long unsigned int'} [-Wsign-compare]
  253 |     for(int r=0; r<padded.size(); r++){
      |                  ~^~~~~~~~~~~~~~
..\jni\DipSlopePWD.cpp:254:23: warning: comparison of integer expressions of different signedness: 'int' and 'std::vector<_MKL_Complex8>::size_type' {aka 'long long unsigned int'} [-Wsign-compare]
  254 |         for(int c=0; c<padded[0].size(); c++){
      |                      ~^~~~~~~~~~~~~~~~~
..\jni\DipSlopePWD.cpp:291:20: warning: comparison of integer expressions of different signedness: 'int' and 'std::vector<std::vector<_MKL_Complex8> >::size_type' {aka 'long long unsigned int'} [-Wsign-compare]
  291 |     for(auto i=0; i<padded.size(); i++){
      |                   ~^~~~~~~~~~~~~~
..\jni\DipSlopePWD.cpp:297:19: warning: comparison of integer expressions of different signedness: 'int' and 'std::vector<std::vector<_MKL_Complex8> >::size_type' {aka 'long long unsigned int'} [-Wsign-compare]
  297 |     for(int r=0; r<padded.size(); r++){
      |                  ~^~~~~~~~~~~~~~
..\jni\DipSlopePWD.cpp:298:23: warning: comparison of integer expressions of different signedness: 'int' and 'std::vector<_MKL_Complex8>::size_type' {aka 'long long unsigned int'} [-Wsign-compare]
  298 |         for(int c=0; c<padded[0].size(); c++){
      |                      ~^~~~~~~~~~~~~~~~~
..\jni\DipSlopePWD.cpp:267:18: warning: variable 'status' set but not used [-Wunused-but-set-variable]
  267 |         MKL_LONG status;
      |                  ^~~~~~
..\jni\DipSlopePWD.cpp: In member function 'std::vector<std::vector<_MKL_Complex8> > DIP::ExtendArray(std::vector<std::vector<_MKL_Complex8> >, int, int)':
..\jni\DipSlopePWD.cpp:357:19: warning: comparison of integer expressions of different signedness: 'int' and 'std::vector<std::vector<_MKL_Complex8> >::size_type' {aka 'long long unsigned int'} [-Wsign-compare]
  357 |             if (i >= raw.size() || j >= raw[0].size())
      |                 ~~^~~~~~~~~~~~~
..\jni\DipSlopePWD.cpp:357:38: warning: comparison of integer expressions of different signedness: 'int' and 'std::vector<_MKL_Complex8>::size_type' {aka 'long long unsigned int'} [-Wsign-compare]
  357 |             if (i >= raw.size() || j >= raw[0].size())
      |                                    ~~^~~~~~~~~~~~~~~~
..\jni\DipSlopePWD.cpp: In member function 'std::vector<std::vector<_MKL_Complex8> > DIP::ExIndex(std::vector<std::vector<_MKL_Complex8> >, int, int, int, int)':
..\jni\DipSlopePWD.cpp:371:20: warning: comparison of integer expressions of different signedness: 'int' and 'std::vector<std::vector<_MKL_Complex8> >::size_type' {aka 'long long unsigned int'} [-Wsign-compare]
  371 |     for(auto i=0; i<m.size(); i++){
      |                   ~^~~~~~~~~
..\jni\DipSlopePWD.cpp:375:34: warning: comparison of integer expressions of different signedness: 'int' and 'std::vector<std::vector<_MKL_Complex8> >::size_type' {aka 'long long unsigned int'} [-Wsign-compare]
  375 |     for (int i = 0, x=mcYFrom; i < m.size(); x++, i++)  //row
      |                                ~~^~~~~~~~~~
..\jni\DipSlopePWD.cpp:377:40: warning: comparison of integer expressions of different signedness: 'int' and 'std::vector<_MKL_Complex8>::size_type' {aka 'long long unsigned int'} [-Wsign-compare]
  377 |         for (int j = 0, y = mcXFrom; j < m[0].size(); y++, j++)  //col
      |                                      ~~^~~~~~~~~~~~~
..\jni\DipSlopePWD.cpp:379:19: warning: comparison of integer expressions of different signedness: 'int' and 'std::vector<std::vector<_MKL_Complex8> >::size_type' {aka 'long long unsigned int'} [-Wsign-compare]
  379 |             if (x == m.size())
      |                 ~~^~~~~~~~~~~
..\jni\DipSlopePWD.cpp:382:19: warning: comparison of integer expressions of different signedness: 'int' and 'std::vector<_MKL_Complex8>::size_type' {aka 'long long unsigned int'} [-Wsign-compare]
  382 |             if (y == m[0].size())
      |                 ~~^~~~~~~~~~~~~~
..\jni\DipSlopePWD.cpp: In member function 'std::vector<std::vector<_MKL_Complex8> > DIP::GenerateKernel(std::vector<std::vector<_MKL_Complex8> >, int, int)':
..\jni\DipSlopePWD.cpp:400:19: warning: comparison of integer expressions of different signedness: 'int' and 'std::vector<std::vector<_MKL_Complex8> >::size_type' {aka 'long long unsigned int'} [-Wsign-compare]
  400 |     for(int r=0; r<expandRaw.size(); r++){
      |                  ~^~~~~~~~~~~~~~~~~
..\jni\DipSlopePWD.cpp:401:23: warning: comparison of integer expressions of different signedness: 'int' and 'std::vector<_MKL_Complex8>::size_type' {aka 'long long unsigned int'} [-Wsign-compare]
  401 |         for(int c=0; c<expandRaw[0].size(); c++){
      |                      ~^~~~~~~~~~~~~~~~~~~~
..\jni\DipSlopePWD.cpp:421:20: warning: comparison of integer expressions of different signedness: 'int' and 'std::vector<std::vector<_MKL_Complex8> >::size_type' {aka 'long long unsigned int'} [-Wsign-compare]
  421 |     for(auto i=0; i<expandRaw.size(); i++){
      |                   ~^~~~~~~~~~~~~~~~~
..\jni\DipSlopePWD.cpp:427:19: warning: comparison of integer expressions of different signedness: 'int' and 'std::vector<std::vector<_MKL_Complex8> >::size_type' {aka 'long long unsigned int'} [-Wsign-compare]
  427 |     for(int r=0; r<expandRaw.size(); r++){
      |                  ~^~~~~~~~~~~~~~~~~
..\jni\DipSlopePWD.cpp:428:23: warning: comparison of integer expressions of different signedness: 'int' and 'std::vector<_MKL_Complex8>::size_type' {aka 'long long unsigned int'} [-Wsign-compare]
  428 |         for(int c=0; c<expandRaw[0].size(); c++){
      |                      ~^~~~~~~~~~~~~~~~~~~~
..\jni\DipSlopePWD.cpp:407:14: warning: unused variable 'kn' [-Wunused-variable]
  407 |         auto kn = paddedArray.size();
      |              ^~
..\jni\DipSlopePWD.cpp:412:18: warning: variable 'status' set but not used [-Wunused-but-set-variable]
  412 |         MKL_LONG status;
      |                  ^~~~~~
..\jni\DipSlopePWD.cpp: In member function 'std::vector<std::vector<_MKL_Complex8> > DIP::CustGaussian2D(int, int, double)':
..\jni\DipSlopePWD.cpp:476:23: warning: comparison of integer expressions of different signedness: 'int' and 'std::vector<std::vector<float> >::size_type' {aka 'long long unsigned int'} [-Wsign-compare]
  476 |     for (int i = 0; i < p.size(); i++)
      |                     ~~^~~~~~~~~~
..\jni\DipSlopePWD.cpp:478:27: warning: comparison of integer expressions of different signedness: 'int' and 'std::vector<float>::size_type' {aka 'long long unsigned int'} [-Wsign-compare]
  478 |         for (int j = 0; j < p[0].size(); j++)
      |                         ~~^~~~~~~~~~~~~
..\jni\DipSlopePWD.cpp: In member function 'std::vector<std::vector<float> > DIP::CustGaussianDouble2D(int, int, double)':
..\jni\DipSlopePWD.cpp:510:23: warning: comparison of integer expressions of different signedness: 'int' and 'std::vector<std::vector<float> >::size_type' {aka 'long long unsigned int'} [-Wsign-compare]
  510 |     for (int i = 0; i < p.size(); i++)
      |                     ~~^~~~~~~~~~
..\jni\DipSlopePWD.cpp:512:27: warning: comparison of integer expressions of different signedness: 'int' and 'std::vector<float>::size_type' {aka 'long long unsigned int'} [-Wsign-compare]
  512 |         for (int j = 0; j < p[0].size(); j++)
      |                         ~~^~~~~~~~~~~~~
..\jni\DipSlopePWD.cpp: In member function 'std::vector<std::vector<float> > DIP::Calculate(std::vector<std::vector<std::vector<float> > >, Index3D, Index3D, int, const std::vector<_MKL_Complex8>&)':
..\jni\DipSlopePWD.cpp:221:54: warning: 'value._MKL_Complex8::imag' may be used uninitialized [-Wmaybe-uninitialized]
  221 |             complex<float> tmp(value.real, value.imag);
      |                                                      ^
..\jni\DipSlopePWD.cpp:218:26: note: 'value' declared here
  218 |             MKL_Complex8 value;
      |                          ^~~~~
g++ "-IC:\\Program Files\\Java\\jdk1.8.0_111\\include" "-IC:\\Program Files (x86)\\Intel\\oneAPI\\mkl\\2021.4.0\\include" "-IC:\\Program Files\\Java\\jdk1.8.0_111\\include\\win32" -O0 -g3 -Wall -c -fmessage-length=0 -o "jni\\tempCodeRunnerFile.o" "..\\jni\\tempCodeRunnerFile.cpp" 
..\jni\tempCodeRunnerFile.cpp:1:1: error: 'COLSIZE' does not name a type
    1 | COLSIZE
      | ^~~~~~~
09:32:34 **** Build of configuration Debug for project test_native ****
make all 
Building file: ../src/test_native.cpp
Invoking: Cygwin C++ Compiler
g++ -I"C:\Program Files\Java\jdk1.8.0_111\include" -I"C:\Program Files\Java\jdk1.8.0_111\include\win32" -O0 -g3 -Wall -c -fmessage-length=0 -MMD -MP -MF"src/test_native.d" -MT"src/test_native.o" -o "src/test_native.o" "../src/test_native.cpp"
Finished building: ../src/test_native.cpp
 
Building target: test_native.dll
Invoking: Cygwin C++ Linker
g++ -shared -o "test_native.dll"  ./src/test_native.o   
Finished building target: test_native.dll
 
09:32:40 **** Build of configuration Debug for project testing ****
make all 
Building file: ../src/testing.cpp
Invoking: Cygwin C++ Compiler
g++ -O0 -g3 -Wall -c -fmessage-length=0 -MMD -MP -MF"src/testing.d" -MT"src/testing.o" -o "src/testing.o" "../src/testing.cpp"
Finished building: ../src/testing.cpp
 
Building target: testing.exe
Invoking: Cygwin C++ Linker
g++  -o "testing.exe"  ./src/testing.o   
Finished building target: testing.exe
 
09:33:58 **** Incremental Build of configuration Debug for project TechApps.Dip.Native ****
Info: Internal Builder is used for build
g++ "-IC:\\Program Files\\Java\\jdk1.8.0_111\\include" "-IC:\\Program Files (x86)\\Intel\\oneAPI\\mkl\\2021.4.0\\include" "-IC:\\Program Files\\Java\\jdk1.8.0_111\\include\\win32" -O0 -g3 -Wall -c -fmessage-length=0 -o "jni\\tempCodeRunnerFile.o" "..\\jni\\tempCodeRunnerFile.cpp" 
..\jni\tempCodeRunnerFile.cpp:1:1: error: 'COLSIZE' does not name a type
    1 | COLSIZE
      | ^~~~~~~
09:33:58 **** Incremental Build of configuration Debug for project test_native ****
make all 
make: Nothing to be done for 'all'.
09:33:59 **** Incremental Build of configuration Debug for project testing ****
make all 
make: Nothing to be done for 'all'.
15:41:38 **** Incremental Build of configuration Debug for project TechApps.Dip.Native ****
Info: Internal Builder is used for build
g++ "-IC:\\Program Files\\Java\\jdk1.8.0_111\\include" "-IC:\\Program Files (x86)\\Intel\\oneAPI\\mkl\\2021.4.0\\include" "-IC:\\Program Files\\Java\\jdk1.8.0_111\\include\\win32" -O0 -g3 -Wall -c -fmessage-length=0 -o "jni\\DipSlopePWD.o" "..\\jni\\DipSlopePWD.cpp" 
..\jni\DipSlopePWD.cpp: In member function 'std::vector<std::vector<float> > DIP::Calculate(std::vector<std::vector<std::vector<float> > >, Index3D, Index3D, int, const std::vector<_MKL_Complex8>&)':
..\jni\DipSlopePWD.cpp:170:23: warning: comparison of integer expressions of different signedness: 'int' and 'std::vector<std::vector<float> >::size_type' {aka 'long long unsigned int'} [-Wsign-compare]
  170 |     for (int i = 0; i < dt.size(); i++)
      |                     ~~^~~~~~~~~~~
..\jni\DipSlopePWD.cpp:172:27: warning: comparison of integer expressions of different signedness: 'int' and 'std::vector<float>::size_type' {aka 'long long unsigned int'} [-Wsign-compare]
  172 |         for (int j = 0; j < dt[0].size(); j++)
      |                         ~~^~~~~~~~~~~~~~
..\jni\DipSlopePWD.cpp:185:23: warning: comparison of integer expressions of different signedness: 'int' and 'std::vector<std::vector<_MKL_Complex8> >::size_type' {aka 'long long unsigned int'} [-Wsign-compare]
  185 |     for (int i = 0; i < resultDtDx.size(); i++)
      |                     ~~^~~~~~~~~~~~~~~~~~~
..\jni\DipSlopePWD.cpp:187:27: warning: comparison of integer expressions of different signedness: 'int' and 'std::vector<_MKL_Complex8>::size_type' {aka 'long long unsigned int'} [-Wsign-compare]
  187 |         for (int j = 0; j < resultDtDx[0].size(); j++)
      |                         ~~^~~~~~~~~~~~~~~~~~~~~~
..\jni\DipSlopePWD.cpp:214:23: warning: comparison of integer expressions of different signedness: 'int' and 'std::vector<std::vector<_MKL_Complex8> >::size_type' {aka 'long long unsigned int'} [-Wsign-compare]
  214 |     for (int i = 0; i < resultPp.size(); i++)
      |                     ~~^~~~~~~~~~~~~~~~~
..\jni\DipSlopePWD.cpp:216:27: warning: comparison of integer expressions of different signedness: 'int' and 'std::vector<_MKL_Complex8>::size_type' {aka 'long long unsigned int'} [-Wsign-compare]
  216 |         for (int j = 0; j < resultPp[0].size(); j++)
      |                         ~~^~~~~~~~~~~~~~~~~~~~
..\jni\DipSlopePWD.cpp: In member function 'std::vector<std::vector<_MKL_Complex8> > DIP::Convolution(const std::vector<_MKL_Complex8>&, std::vector<std::vector<_MKL_Complex8> >)':
..\jni\DipSlopePWD.cpp:253:19: warning: comparison of integer expressions of different signedness: 'int' and 'std::vector<std::vector<_MKL_Complex8> >::size_type' {aka 'long long unsigned int'} [-Wsign-compare]
  253 |     for(int r=0; r<padded.size(); r++){
      |                  ~^~~~~~~~~~~~~~
..\jni\DipSlopePWD.cpp:254:23: warning: comparison of integer expressions of different signedness: 'int' and 'std::vector<_MKL_Complex8>::size_type' {aka 'long long unsigned int'} [-Wsign-compare]
  254 |         for(int c=0; c<padded[0].size(); c++){
      |                      ~^~~~~~~~~~~~~~~~~
..\jni\DipSlopePWD.cpp:291:20: warning: comparison of integer expressions of different signedness: 'int' and 'std::vector<std::vector<_MKL_Complex8> >::size_type' {aka 'long long unsigned int'} [-Wsign-compare]
  291 |     for(auto i=0; i<padded.size(); i++){
      |                   ~^~~~~~~~~~~~~~
..\jni\DipSlopePWD.cpp:297:19: warning: comparison of integer expressions of different signedness: 'int' and 'std::vector<std::vector<_MKL_Complex8> >::size_type' {aka 'long long unsigned int'} [-Wsign-compare]
  297 |     for(int r=0; r<padded.size(); r++){
      |                  ~^~~~~~~~~~~~~~
..\jni\DipSlopePWD.cpp:298:23: warning: comparison of integer expressions of different signedness: 'int' and 'std::vector<_MKL_Complex8>::size_type' {aka 'long long unsigned int'} [-Wsign-compare]
  298 |         for(int c=0; c<padded[0].size(); c++){
      |                      ~^~~~~~~~~~~~~~~~~
..\jni\DipSlopePWD.cpp:267:18: warning: variable 'status' set but not used [-Wunused-but-set-variable]
  267 |         MKL_LONG status;
      |                  ^~~~~~
..\jni\DipSlopePWD.cpp: In member function 'std::vector<std::vector<_MKL_Complex8> > DIP::ExtendArray(std::vector<std::vector<_MKL_Complex8> >, int, int)':
..\jni\DipSlopePWD.cpp:357:19: warning: comparison of integer expressions of different signedness: 'int' and 'std::vector<std::vector<_MKL_Complex8> >::size_type' {aka 'long long unsigned int'} [-Wsign-compare]
  357 |             if (i >= raw.size() || j >= raw[0].size())
      |                 ~~^~~~~~~~~~~~~
..\jni\DipSlopePWD.cpp:357:38: warning: comparison of integer expressions of different signedness: 'int' and 'std::vector<_MKL_Complex8>::size_type' {aka 'long long unsigned int'} [-Wsign-compare]
  357 |             if (i >= raw.size() || j >= raw[0].size())
      |                                    ~~^~~~~~~~~~~~~~~~
..\jni\DipSlopePWD.cpp: In member function 'std::vector<std::vector<_MKL_Complex8> > DIP::ExIndex(std::vector<std::vector<_MKL_Complex8> >, int, int, int, int)':
..\jni\DipSlopePWD.cpp:371:20: warning: comparison of integer expressions of different signedness: 'int' and 'std::vector<std::vector<_MKL_Complex8> >::size_type' {aka 'long long unsigned int'} [-Wsign-compare]
  371 |     for(auto i=0; i<m.size(); i++){
      |                   ~^~~~~~~~~
..\jni\DipSlopePWD.cpp:375:34: warning: comparison of integer expressions of different signedness: 'int' and 'std::vector<std::vector<_MKL_Complex8> >::size_type' {aka 'long long unsigned int'} [-Wsign-compare]
  375 |     for (int i = 0, x=mcYFrom; i < m.size(); x++, i++)  //row
      |                                ~~^~~~~~~~~~
..\jni\DipSlopePWD.cpp:377:40: warning: comparison of integer expressions of different signedness: 'int' and 'std::vector<_MKL_Complex8>::size_type' {aka 'long long unsigned int'} [-Wsign-compare]
  377 |         for (int j = 0, y = mcXFrom; j < m[0].size(); y++, j++)  //col
      |                                      ~~^~~~~~~~~~~~~
..\jni\DipSlopePWD.cpp:379:19: warning: comparison of integer expressions of different signedness: 'int' and 'std::vector<std::vector<_MKL_Complex8> >::size_type' {aka 'long long unsigned int'} [-Wsign-compare]
  379 |             if (x == m.size())
      |                 ~~^~~~~~~~~~~
..\jni\DipSlopePWD.cpp:382:19: warning: comparison of integer expressions of different signedness: 'int' and 'std::vector<_MKL_Complex8>::size_type' {aka 'long long unsigned int'} [-Wsign-compare]
  382 |             if (y == m[0].size())
      |                 ~~^~~~~~~~~~~~~~
..\jni\DipSlopePWD.cpp: In member function 'std::vector<std::vector<_MKL_Complex8> > DIP::GenerateKernel(std::vector<std::vector<_MKL_Complex8> >, int, int)':
..\jni\DipSlopePWD.cpp:400:19: warning: comparison of integer expressions of different signedness: 'int' and 'std::vector<std::vector<_MKL_Complex8> >::size_type' {aka 'long long unsigned int'} [-Wsign-compare]
  400 |     for(int r=0; r<expandRaw.size(); r++){
      |                  ~^~~~~~~~~~~~~~~~~
..\jni\DipSlopePWD.cpp:401:23: warning: comparison of integer expressions of different signedness: 'int' and 'std::vector<_MKL_Complex8>::size_type' {aka 'long long unsigned int'} [-Wsign-compare]
  401 |         for(int c=0; c<expandRaw[0].size(); c++){
      |                      ~^~~~~~~~~~~~~~~~~~~~
..\jni\DipSlopePWD.cpp:421:20: warning: comparison of integer expressions of different signedness: 'int' and 'std::vector<std::vector<_MKL_Complex8> >::size_type' {aka 'long long unsigned int'} [-Wsign-compare]
  421 |     for(auto i=0; i<expandRaw.size(); i++){
      |                   ~^~~~~~~~~~~~~~~~~
..\jni\DipSlopePWD.cpp:427:19: warning: comparison of integer expressions of different signedness: 'int' and 'std::vector<std::vector<_MKL_Complex8> >::size_type' {aka 'long long unsigned int'} [-Wsign-compare]
  427 |     for(int r=0; r<expandRaw.size(); r++){
      |                  ~^~~~~~~~~~~~~~~~~
..\jni\DipSlopePWD.cpp:428:23: warning: comparison of integer expressions of different signedness: 'int' and 'std::vector<_MKL_Complex8>::size_type' {aka 'long long unsigned int'} [-Wsign-compare]
  428 |         for(int c=0; c<expandRaw[0].size(); c++){
      |                      ~^~~~~~~~~~~~~~~~~~~~
..\jni\DipSlopePWD.cpp:407:14: warning: unused variable 'kn' [-Wunused-variable]
  407 |         auto kn = paddedArray.size();
      |              ^~
..\jni\DipSlopePWD.cpp:412:18: warning: variable 'status' set but not used [-Wunused-but-set-variable]
  412 |         MKL_LONG status;
      |                  ^~~~~~
..\jni\DipSlopePWD.cpp: In member function 'std::vector<std::vector<_MKL_Complex8> > DIP::CustGaussian2D(int, int, double)':
..\jni\DipSlopePWD.cpp:476:23: warning: comparison of integer expressions of different signedness: 'int' and 'std::vector<std::vector<float> >::size_type' {aka 'long long unsigned int'} [-Wsign-compare]
  476 |     for (int i = 0; i < p.size(); i++)
      |                     ~~^~~~~~~~~~
..\jni\DipSlopePWD.cpp:478:27: warning: comparison of integer expressions of different signedness: 'int' and 'std::vector<float>::size_type' {aka 'long long unsigned int'} [-Wsign-compare]
  478 |         for (int j = 0; j < p[0].size(); j++)
      |                         ~~^~~~~~~~~~~~~
..\jni\DipSlopePWD.cpp: In member function 'std::vector<std::vector<float> > DIP::CustGaussianDouble2D(int, int, double)':
..\jni\DipSlopePWD.cpp:510:23: warning: comparison of integer expressions of different signedness: 'int' and 'std::vector<std::vector<float> >::size_type' {aka 'long long unsigned int'} [-Wsign-compare]
  510 |     for (int i = 0; i < p.size(); i++)
      |                     ~~^~~~~~~~~~
..\jni\DipSlopePWD.cpp:512:27: warning: comparison of integer expressions of different signedness: 'int' and 'std::vector<float>::size_type' {aka 'long long unsigned int'} [-Wsign-compare]
  512 |         for (int j = 0; j < p[0].size(); j++)
      |                         ~~^~~~~~~~~~~~~
..\jni\DipSlopePWD.cpp: In member function 'std::vector<std::vector<float> > DIP::Calculate(std::vector<std::vector<std::vector<float> > >, Index3D, Index3D, int, const std::vector<_MKL_Complex8>&)':
..\jni\DipSlopePWD.cpp:221:54: warning: 'value._MKL_Complex8::imag' may be used uninitialized [-Wmaybe-uninitialized]
  221 |             complex<float> tmp(value.real, value.imag);
      |                                                      ^
..\jni\DipSlopePWD.cpp:218:26: note: 'value' declared here
  218 |             MKL_Complex8 value;
      |                          ^~~~~
g++ "-IC:\\Program Files\\Java\\jdk1.8.0_111\\include" "-IC:\\Program Files (x86)\\Intel\\oneAPI\\mkl\\2021.4.0\\include" "-IC:\\Program Files\\Java\\jdk1.8.0_111\\include\\win32" -O0 -g3 -Wall -c -fmessage-length=0 -o "jni\\JavaNative.o" "..\\jni\\JavaNative.cpp" 
g++ "-IC:\\Program Files\\Java\\jdk1.8.0_111\\include" "-IC:\\Program Files (x86)\\Intel\\oneAPI\\mkl\\2021.4.0\\include" "-IC:\\Program Files\\Java\\jdk1.8.0_111\\include\\win32" -O0 -g3 -Wall -c -fmessage-length=0 -o "jni\\Index3D.o" "..\\jni\\Index3D.cpp" 
g++ "-IC:\\Program Files\\Java\\jdk1.8.0_111\\include" "-IC:\\Program Files (x86)\\Intel\\oneAPI\\mkl\\2021.4.0\\include" "-IC:\\Program Files\\Java\\jdk1.8.0_111\\include\\win32" -O0 -g3 -Wall -c -fmessage-length=0 -o "jni\\tempCodeRunnerFile.o" "..\\jni\\tempCodeRunnerFile.cpp" 
..\jni\tempCodeRunnerFile.cpp:1:1: error: 'COLSIZE' does not name a type
    1 | COLSIZE
      | ^~~~~~~
15:41:46 **** Incremental Build of configuration Debug for project test_native ****
make all 
make: Nothing to be done for 'all'.
15:41:47 **** Incremental Build of configuration Debug for project testing ****
make all 
make: Nothing to be done for 'all'.
15:42:59 **** Incremental Build of configuration Debug for project TechApps.Dip.Native ****
Info: Internal Builder is used for build
g++ "-IC:\\Program Files\\Java\\jdk1.8.0_111\\include" "-IC:\\Program Files (x86)\\Intel\\oneAPI\\mkl\\2021.4.0\\include" "-IC:\\Program Files\\Java\\jdk1.8.0_111\\include\\win32" -O0 -g3 -Wall -c -fmessage-length=0 -o "jni\\tempCodeRunnerFile.o" "..\\jni\\tempCodeRunnerFile.cpp" 
..\jni\tempCodeRunnerFile.cpp:1:1: error: 'COLSIZE' does not name a type
    1 | COLSIZE
      | ^~~~~~~
15:43:00 **** Incremental Build of configuration Debug for project test_native ****
make all 
make: Nothing to be done for 'all'.
15:43:00 **** Incremental Build of configuration Debug for project testing ****
make all 
make: Nothing to be done for 'all'.
15:46:59 **** Incremental Build of configuration Debug for project TechApps.Dip.Native ****
Info: Internal Builder is used for build
g++ "-IC:\\Program Files\\Java\\jdk1.8.0_111\\include" "-IC:\\Program Files (x86)\\Intel\\oneAPI\\mkl\\2021.4.0\\include" "-IC:\\Program Files\\Java\\jdk1.8.0_111\\include\\win32" -O0 -g3 -Wall -c -fmessage-length=0 -o "jni\\tempCodeRunnerFile.o" "..\\jni\\tempCodeRunnerFile.cpp" 
..\jni\tempCodeRunnerFile.cpp:1:1: error: 'COLSIZE' does not name a type
    1 | COLSIZE
      | ^~~~~~~
15:46:59 **** Incremental Build of configuration Debug for project test_native ****
make all 
make: Nothing to be done for 'all'.
15:46:59 **** Incremental Build of configuration Debug for project testing ****
make all 
make: Nothing to be done for 'all'.
15:48:35 **** Incremental Build of configuration Debug for project TechApps.Dip.Native ****
Info: Internal Builder is used for build
g++ "-IC:\\Program Files\\Java\\jdk1.8.0_111\\include" "-IC:\\Program Files (x86)\\Intel\\oneAPI\\mkl\\2021.4.0\\include" "-IC:\\Program Files\\Java\\jdk1.8.0_111\\include\\win32" -O0 -g3 -Wall -c -fmessage-length=0 -o "jni\\tempCodeRunnerFile.o" "..\\jni\\tempCodeRunnerFile.cpp" 
..\jni\tempCodeRunnerFile.cpp:1:1: error: 'COLSIZE' does not name a type
    1 | COLSIZE
      | ^~~~~~~
15:48:35 **** Incremental Build of configuration Debug for project test_native ****
make all 
make: Nothing to be done for 'all'.
15:48:36 **** Incremental Build of configuration Debug for project testing ****
make all 
make: Nothing to be done for 'all'.
07:42:15 **** Incremental Build of configuration Debug for project TechApps.Dip.Native ****
Info: Internal Builder is used for build
g++ "-IC:\\Program Files\\Java\\jdk1.8.0_111\\include" "-IC:\\Program Files (x86)\\Intel\\oneAPI\\mkl\\2021.4.0\\include" "-IC:\\Program Files\\Java\\jdk1.8.0_111\\include\\win32" -O0 -g3 -Wall -c -fmessage-length=0 -o "jni\\tempCodeRunnerFile.o" "..\\jni\\tempCodeRunnerFile.cpp" 
..\jni\tempCodeRunnerFile.cpp:1:1: error: 'COLSIZE' does not name a type
    1 | COLSIZE
      | ^~~~~~~
07:42:16 **** Incremental Build of configuration Debug for project test_native ****
make all 
make: Nothing to be done for 'all'.
07:42:16 **** Incremental Build of configuration Debug for project testing ****
make all 
make: Nothing to be done for 'all'.
07:58:28 **** Incremental Build of configuration Debug for project TechApps.Dip.Native ****
Info: Internal Builder is used for build
g++ "-IC:\\Program Files\\Java\\jdk1.8.0_111\\include" "-IC:\\Program Files (x86)\\Intel\\oneAPI\\mkl\\2021.4.0\\include" "-IC:\\Program Files\\Java\\jdk1.8.0_111\\include\\win32" -O0 -g3 -Wall -c -fmessage-length=0 -o "jni\\tempCodeRunnerFile.o" "..\\jni\\tempCodeRunnerFile.cpp" 
..\jni\tempCodeRunnerFile.cpp:1:1: error: 'COLSIZE' does not name a type
    1 | COLSIZE
      | ^~~~~~~
07:58:29 **** Incremental Build of configuration Debug for project test_native ****
make all 
make: Nothing to be done for 'all'.
07:58:30 **** Incremental Build of configuration Debug for project testing ****
make all 
make: Nothing to be done for 'all'.
07:58:51 **** Incremental Build of configuration Debug for project TechApps.Dip.Native ****
Info: Internal Builder is used for build
g++ "-IC:\\Program Files\\Java\\jdk1.8.0_111\\include" "-IC:\\Program Files (x86)\\Intel\\oneAPI\\mkl\\2021.4.0\\include" "-IC:\\Program Files\\Java\\jdk1.8.0_111\\include\\win32" -O0 -g3 -Wall -c -fmessage-length=0 -o "jni\\tempCodeRunnerFile.o" "..\\jni\\tempCodeRunnerFile.cpp" 
..\jni\tempCodeRunnerFile.cpp:1:1: error: 'COLSIZE' does not name a type
    1 | COLSIZE
      | ^~~~~~~
07:58:51 **** Incremental Build of configuration Debug for project test_native ****
make all 
make: Nothing to be done for 'all'.
07:58:52 **** Incremental Build of configuration Debug for project testing ****
make all 
make: Nothing to be done for 'all'.
08:47:00 **** Incremental Build of configuration Debug for project TechApps.Dip.Native ****
Info: Internal Builder is used for build
g++ "-IC:\\Program Files\\Java\\jdk1.8.0_111\\include" "-IC:\\Program Files (x86)\\Intel\\oneAPI\\mkl\\2021.4.0\\include" "-IC:\\Program Files\\Java\\jdk1.8.0_111\\include\\win32" -O0 -g3 -Wall -c -fmessage-length=0 -o "jni\\tempCodeRunnerFile.o" "..\\jni\\tempCodeRunnerFile.cpp" 
..\jni\tempCodeRunnerFile.cpp:1:1: error: 'COLSIZE' does not name a type
    1 | COLSIZE
      | ^~~~~~~
08:47:01 **** Incremental Build of configuration Debug for project test_native ****
make all 
make: Nothing to be done for 'all'.
08:47:01 **** Incremental Build of configuration Debug for project testing ****
make all 
make: Nothing to be done for 'all'.
11:07:09 **** Incremental Build of configuration Debug for project TechApps.Dip.Native ****
Info: Internal Builder is used for build
g++ "-IC:\\Program Files\\Java\\jdk1.8.0_111\\include" "-IC:\\Program Files (x86)\\Intel\\oneAPI\\mkl\\2021.4.0\\include" "-IC:\\Program Files\\Java\\jdk1.8.0_111\\include\\win32" -O0 -g3 -Wall -c -fmessage-length=0 -o "jni\\DipSlopePWD.o" "..\\jni\\DipSlopePWD.cpp" 
..\jni\DipSlopePWD.cpp: In member function 'std::vector<std::vector<float> > DIP::Calculate(std::vector<std::vector<std::vector<float> > >, Index3D, Index3D, int, const std::vector<_MKL_Complex8>&)':
..\jni\DipSlopePWD.cpp:256:23: warning: comparison of integer expressions of different signedness: 'int' and 'std::vector<std::vector<float> >::size_type' {aka 'long long unsigned int'} [-Wsign-compare]
  256 |     for (int i = 0; i < dt.size(); i++)
      |                     ~~^~~~~~~~~~~
..\jni\DipSlopePWD.cpp:258:27: warning: comparison of integer expressions of different signedness: 'int' and 'std::vector<float>::size_type' {aka 'long long unsigned int'} [-Wsign-compare]
  258 |         for (int j = 0; j < dt[0].size(); j++)
      |                         ~~^~~~~~~~~~~~~~
..\jni\DipSlopePWD.cpp:271:23: warning: comparison of integer expressions of different signedness: 'int' and 'std::vector<std::vector<_MKL_Complex8> >::size_type' {aka 'long long unsigned int'} [-Wsign-compare]
  271 |     for (int i = 0; i < resultDtDx.size(); i++)
      |                     ~~^~~~~~~~~~~~~~~~~~~
..\jni\DipSlopePWD.cpp:273:27: warning: comparison of integer expressions of different signedness: 'int' and 'std::vector<_MKL_Complex8>::size_type' {aka 'long long unsigned int'} [-Wsign-compare]
  273 |         for (int j = 0; j < resultDtDx[0].size(); j++)
      |                         ~~^~~~~~~~~~~~~~~~~~~~~~
..\jni\DipSlopePWD.cpp:300:23: warning: comparison of integer expressions of different signedness: 'int' and 'std::vector<std::vector<_MKL_Complex8> >::size_type' {aka 'long long unsigned int'} [-Wsign-compare]
  300 |     for (int i = 0; i < resultPp.size(); i++)
      |                     ~~^~~~~~~~~~~~~~~~~
..\jni\DipSlopePWD.cpp:302:27: warning: comparison of integer expressions of different signedness: 'int' and 'std::vector<_MKL_Complex8>::size_type' {aka 'long long unsigned int'} [-Wsign-compare]
  302 |         for (int j = 0; j < resultPp[0].size(); j++)
      |                         ~~^~~~~~~~~~~~~~~~~~~~
..\jni\DipSlopePWD.cpp:336:19: warning: unused variable 'chk' [-Wunused-variable]
  336 |             float chk = (float)(getMagnitude(b));
      |                   ^~~
..\jni\DipSlopePWD.cpp: In member function 'std::vector<std::vector<_MKL_Complex8> > DIP::Convolution(const std::vector<_MKL_Complex8>&, std::vector<std::vector<_MKL_Complex8> >)':
..\jni\DipSlopePWD.cpp:367:19: warning: comparison of integer expressions of different signedness: 'int' and 'std::vector<std::vector<_MKL_Complex8> >::size_type' {aka 'long long unsigned int'} [-Wsign-compare]
  367 |     for(int r=0; r<padded.size(); r++){
      |                  ~^~~~~~~~~~~~~~
..\jni\DipSlopePWD.cpp:368:23: warning: comparison of integer expressions of different signedness: 'int' and 'std::vector<_MKL_Complex8>::size_type' {aka 'long long unsigned int'} [-Wsign-compare]
  368 |         for(int c=0; c<padded[0].size(); c++){
      |                      ~^~~~~~~~~~~~~~~~~
..\jni\DipSlopePWD.cpp:405:20: warning: comparison of integer expressions of different signedness: 'int' and 'std::vector<std::vector<_MKL_Complex8> >::size_type' {aka 'long long unsigned int'} [-Wsign-compare]
  405 |     for(auto i=0; i<padded.size(); i++){
      |                   ~^~~~~~~~~~~~~~
..\jni\DipSlopePWD.cpp:411:19: warning: comparison of integer expressions of different signedness: 'int' and 'std::vector<std::vector<_MKL_Complex8> >::size_type' {aka 'long long unsigned int'} [-Wsign-compare]
  411 |     for(int r=0; r<padded.size(); r++){
      |                  ~^~~~~~~~~~~~~~
..\jni\DipSlopePWD.cpp:412:23: warning: comparison of integer expressions of different signedness: 'int' and 'std::vector<_MKL_Complex8>::size_type' {aka 'long long unsigned int'} [-Wsign-compare]
  412 |         for(int c=0; c<padded[0].size(); c++){
      |                      ~^~~~~~~~~~~~~~~~~
..\jni\DipSlopePWD.cpp:381:18: warning: variable 'status' set but not used [-Wunused-but-set-variable]
  381 |         MKL_LONG status;
      |                  ^~~~~~
..\jni\DipSlopePWD.cpp: In member function 'std::vector<std::vector<_MKL_Complex8> > DIP::ExtendArray(std::vector<std::vector<_MKL_Complex8> >, int, int)':
..\jni\DipSlopePWD.cpp:468:19: warning: comparison of integer expressions of different signedness: 'int' and 'std::vector<std::vector<_MKL_Complex8> >::size_type' {aka 'long long unsigned int'} [-Wsign-compare]
  468 |             if (i >= raw.size() || j >= raw[0].size())
      |                 ~~^~~~~~~~~~~~~
..\jni\DipSlopePWD.cpp:468:38: warning: comparison of integer expressions of different signedness: 'int' and 'std::vector<_MKL_Complex8>::size_type' {aka 'long long unsigned int'} [-Wsign-compare]
  468 |             if (i >= raw.size() || j >= raw[0].size())
      |                                    ~~^~~~~~~~~~~~~~~~
..\jni\DipSlopePWD.cpp: In member function 'std::vector<std::vector<_MKL_Complex8> > DIP::ExIndex(std::vector<std::vector<_MKL_Complex8> >, int, int, int, int)':
..\jni\DipSlopePWD.cpp:483:34: warning: comparison of integer expressions of different signedness: 'int' and 'std::vector<std::vector<_MKL_Complex8> >::size_type' {aka 'long long unsigned int'} [-Wsign-compare]
  483 |     for (int i = 0, x=mcXFrom; i < m.size(); x++, i++)  //row
      |                                ~~^~~~~~~~~~
..\jni\DipSlopePWD.cpp:485:40: warning: comparison of integer expressions of different signedness: 'int' and 'std::vector<_MKL_Complex8>::size_type' {aka 'long long unsigned int'} [-Wsign-compare]
  485 |         for (int j = 0, y = mcYFrom; j < m[0].size(); y++, j++)  //col
      |                                      ~~^~~~~~~~~~~~~
..\jni\DipSlopePWD.cpp:487:19: warning: comparison of integer expressions of different signedness: 'int' and 'std::vector<std::vector<_MKL_Complex8> >::size_type' {aka 'long long unsigned int'} [-Wsign-compare]
  487 |             if (x == m.size())
      |                 ~~^~~~~~~~~~~
..\jni\DipSlopePWD.cpp:490:19: warning: comparison of integer expressions of different signedness: 'int' and 'std::vector<_MKL_Complex8>::size_type' {aka 'long long unsigned int'} [-Wsign-compare]
  490 |             if (y == m[0].size())
      |                 ~~^~~~~~~~~~~~~~
..\jni\DipSlopePWD.cpp: In member function 'std::vector<std::vector<_MKL_Complex8> > DIP::GenerateKernel(std::vector<std::vector<_MKL_Complex8> >, int, int)':
..\jni\DipSlopePWD.cpp:508:19: warning: comparison of integer expressions of different signedness: 'int' and 'std::vector<std::vector<_MKL_Complex8> >::size_type' {aka 'long long unsigned int'} [-Wsign-compare]
  508 |     for(int r=0; r<expandRaw.size(); r++){
      |                  ~^~~~~~~~~~~~~~~~~
..\jni\DipSlopePWD.cpp:509:23: warning: comparison of integer expressions of different signedness: 'int' and 'std::vector<_MKL_Complex8>::size_type' {aka 'long long unsigned int'} [-Wsign-compare]
  509 |         for(int c=0; c<expandRaw[0].size(); c++){
      |                      ~^~~~~~~~~~~~~~~~~~~~
..\jni\DipSlopePWD.cpp:529:20: warning: comparison of integer expressions of different signedness: 'int' and 'std::vector<std::vector<_MKL_Complex8> >::size_type' {aka 'long long unsigned int'} [-Wsign-compare]
  529 |     for(auto i=0; i<expandRaw.size(); i++){
      |                   ~^~~~~~~~~~~~~~~~~
..\jni\DipSlopePWD.cpp:535:19: warning: comparison of integer expressions of different signedness: 'int' and 'std::vector<std::vector<_MKL_Complex8> >::size_type' {aka 'long long unsigned int'} [-Wsign-compare]
  535 |     for(int r=0; r<expandRaw.size(); r++){
      |                  ~^~~~~~~~~~~~~~~~~
..\jni\DipSlopePWD.cpp:536:23: warning: comparison of integer expressions of different signedness: 'int' and 'std::vector<_MKL_Complex8>::size_type' {aka 'long long unsigned int'} [-Wsign-compare]
  536 |         for(int c=0; c<expandRaw[0].size(); c++){
      |                      ~^~~~~~~~~~~~~~~~~~~~
..\jni\DipSlopePWD.cpp:515:14: warning: unused variable 'kn' [-Wunused-variable]
  515 |         auto kn = paddedArray.size();
      |              ^~
..\jni\DipSlopePWD.cpp:520:18: warning: variable 'status' set but not used [-Wunused-but-set-variable]
  520 |         MKL_LONG status;
      |                  ^~~~~~
..\jni\DipSlopePWD.cpp: In member function 'std::vector<std::vector<_MKL_Complex8> > DIP::CustGaussian2D(int, int, double)':
..\jni\DipSlopePWD.cpp:584:23: warning: comparison of integer expressions of different signedness: 'int' and 'std::vector<std::vector<float> >::size_type' {aka 'long long unsigned int'} [-Wsign-compare]
  584 |     for (int i = 0; i < p.size(); i++)
      |                     ~~^~~~~~~~~~
..\jni\DipSlopePWD.cpp:586:27: warning: comparison of integer expressions of different signedness: 'int' and 'std::vector<float>::size_type' {aka 'long long unsigned int'} [-Wsign-compare]
  586 |         for (int j = 0; j < p[0].size(); j++)
      |                         ~~^~~~~~~~~~~~~
..\jni\DipSlopePWD.cpp: In member function 'std::vector<std::vector<float> > DIP::CustGaussianDouble2D(int, int, double)':
..\jni\DipSlopePWD.cpp:618:23: warning: comparison of integer expressions of different signedness: 'int' and 'std::vector<std::vector<float> >::size_type' {aka 'long long unsigned int'} [-Wsign-compare]
  618 |     for (int i = 0; i < p.size(); i++)
      |                     ~~^~~~~~~~~~
..\jni\DipSlopePWD.cpp:620:27: warning: comparison of integer expressions of different signedness: 'int' and 'std::vector<float>::size_type' {aka 'long long unsigned int'} [-Wsign-compare]
  620 |         for (int j = 0; j < p[0].size(); j++)
      |                         ~~^~~~~~~~~~~~~
g++ "-IC:\\Program Files\\Java\\jdk1.8.0_111\\include" "-IC:\\Program Files (x86)\\Intel\\oneAPI\\mkl\\2021.4.0\\include" "-IC:\\Program Files\\Java\\jdk1.8.0_111\\include\\win32" -O0 -g3 -Wall -c -fmessage-length=0 -o "jni\\Index3D.o" "..\\jni\\Index3D.cpp" 
g++ "-IC:\\Program Files\\Java\\jdk1.8.0_111\\include" "-IC:\\Program Files (x86)\\Intel\\oneAPI\\mkl\\2021.4.0\\include" "-IC:\\Program Files\\Java\\jdk1.8.0_111\\include\\win32" -O0 -g3 -Wall -c -fmessage-length=0 -o "jni\\JavaNative.o" "..\\jni\\JavaNative.cpp" 
..\jni\JavaNative.cpp: In function '_jfloatArray* Java_com_petronas_dip_CallNative_run(JNIEnv*, jclass, jfloatArray, jint, jint, jint, jint, jint, jfloat, jint, jfloat, jfloat)':
..\jni\JavaNative.cpp:71:19: warning: comparison of integer expressions of different signedness: 'int' and 'std::vector<std::vector<_MKL_Complex8> >::size_type' {aka 'long long unsigned int'} [-Wsign-compare]
   71 |     for(int i=0; i<kernelWindow.size(); i++) {
      |                  ~^~~~~~~~~~~~~~~~~~~~
..\jni\JavaNative.cpp:72:23: warning: comparison of integer expressions of different signedness: 'int' and 'std::vector<_MKL_Complex8>::size_type' {aka 'long long unsigned int'} [-Wsign-compare]
   72 |         for(int j=0; j<kernelWindow[0].size(); j++) {
      |                      ~^~~~~~~~~~~~~~~~~~~~~~~
..\jni\JavaNative.cpp:98:19: warning: comparison of integer expressions of different signedness: 'int' and 'std::vector<std::vector<float> >::size_type' {aka 'long long unsigned int'} [-Wsign-compare]
   98 |     for(int i=0; i<result.size(); i++) {
      |                  ~^~~~~~~~~~~~~~
..\jni\JavaNative.cpp:99:23: warning: comparison of integer expressions of different signedness: 'int' and 'std::vector<float>::size_type' {aka 'long long unsigned int'} [-Wsign-compare]
   99 |         for(int j=0; j<result[0].size(); j++) {
      |                      ~^~~~~~~~~~~~~~~~~
g++ -shared -o libTechApps.Dip.Native.exe "jni\\DipSlopePWD.o" "jni\\Index3D.o" "jni\\JavaNative.o" 
c:/mingw/bin/../lib/gcc/x86_64-w64-mingw32/11.2.0/../../../../x86_64-w64-mingw32/bin/ld.exe: jni\DipSlopePWD.o: in function `DIP::Convolution(std::vector<_MKL_Complex8, std::allocator<_MKL_Complex8> > const&, std::vector<std::vector<_MKL_Complex8, std::allocator<_MKL_Complex8> >, std::allocator<std::vector<_MKL_Complex8, std::allocator<_MKL_Complex8> > > >)':
C:\Users\zulhisham\eclipse-workspace\entd-main\src\TechApps.Dip.Native\Debug/../jni/DipSlopePWD.cpp:384: undefined reference to `DftiCreateDescriptor_s_md'
c:/mingw/bin/../lib/gcc/x86_64-w64-mingw32/11.2.0/../../../../x86_64-w64-mingw32/bin/ld.exe: C:\Users\zulhisham\eclipse-workspace\entd-main\src\TechApps.Dip.Native\Debug/../jni/DipSlopePWD.cpp:385: undefined reference to `DftiCommitDescriptor'
c:/mingw/bin/../lib/gcc/x86_64-w64-mingw32/11.2.0/../../../../x86_64-w64-mingw32/bin/ld.exe: C:\Users\zulhisham\eclipse-workspace\entd-main\src\TechApps.Dip.Native\Debug/../jni/DipSlopePWD.cpp:386: undefined reference to `DftiComputeForward'
c:/mingw/bin/../lib/gcc/x86_64-w64-mingw32/11.2.0/../../../../x86_64-w64-mingw32/bin/ld.exe: C:\Users\zulhisham\eclipse-workspace\entd-main\src\TechApps.Dip.Native\Debug/../jni/DipSlopePWD.cpp:387: undefined reference to `DftiFreeDescriptor'
c:/mingw/bin/../lib/gcc/x86_64-w64-mingw32/11.2.0/../../../../x86_64-w64-mingw32/bin/ld.exe: C:\Users\zulhisham\eclipse-workspace\entd-main\src\TechApps.Dip.Native\Debug/../jni/DipSlopePWD.cpp:397: undefined reference to `DftiCreateDescriptor_s_md'
c:/mingw/bin/../lib/gcc/x86_64-w64-mingw32/11.2.0/../../../../x86_64-w64-mingw32/bin/ld.exe: C:\Users\zulhisham\eclipse-workspace\entd-main\src\TechApps.Dip.Native\Debug/../jni/DipSlopePWD.cpp:398: undefined reference to `DftiSetValue'
c:/mingw/bin/../lib/gcc/x86_64-w64-mingw32/11.2.0/../../../../x86_64-w64-mingw32/bin/ld.exe: C:\Users\zulhisham\eclipse-workspace\entd-main\src\TechApps.Dip.Native\Debug/../jni/DipSlopePWD.cpp:399: undefined reference to `DftiCommitDescriptor'
c:/mingw/bin/../lib/gcc/x86_64-w64-mingw32/11.2.0/../../../../x86_64-w64-mingw32/bin/ld.exe: C:\Users\zulhisham\eclipse-workspace\entd-main\src\TechApps.Dip.Native\Debug/../jni/DipSlopePWD.cpp:400: undefined reference to `DftiComputeBackward'
c:/mingw/bin/../lib/gcc/x86_64-w64-mingw32/11.2.0/../../../../x86_64-w64-mingw32/bin/ld.exe: C:\Users\zulhisham\eclipse-workspace\entd-main\src\TechApps.Dip.Native\Debug/../jni/DipSlopePWD.cpp:401: undefined reference to `DftiFreeDescriptor'
c:/mingw/bin/../lib/gcc/x86_64-w64-mingw32/11.2.0/../../../../x86_64-w64-mingw32/bin/ld.exe: jni\DipSlopePWD.o: in function `DIP::GenerateKernel(std::vector<std::vector<_MKL_Complex8, std::allocator<_MKL_Complex8> >, std::allocator<std::vector<_MKL_Complex8, std::allocator<_MKL_Complex8> > > >, int, int)':
C:\Users\zulhisham\eclipse-workspace\entd-main\src\TechApps.Dip.Native\Debug/../jni/DipSlopePWD.cpp:523: undefined reference to `DftiCreateDescriptor_s_md'
c:/mingw/bin/../lib/gcc/x86_64-w64-mingw32/11.2.0/../../../../x86_64-w64-mingw32/bin/ld.exe: C:\Users\zulhisham\eclipse-workspace\entd-main\src\TechApps.Dip.Native\Debug/../jni/DipSlopePWD.cpp:524: undefined reference to `DftiCommitDescriptor'
c:/mingw/bin/../lib/gcc/x86_64-w64-mingw32/11.2.0/../../../../x86_64-w64-mingw32/bin/ld.exe: C:\Users\zulhisham\eclipse-workspace\entd-main\src\TechApps.Dip.Native\Debug/../jni/DipSlopePWD.cpp:525: undefined reference to `DftiComputeForward'
c:/mingw/bin/../lib/gcc/x86_64-w64-mingw32/11.2.0/../../../../x86_64-w64-mingw32/bin/ld.exe: C:\Users\zulhisham\eclipse-workspace\entd-main\src\TechApps.Dip.Native\Debug/../jni/DipSlopePWD.cpp:526: undefined reference to `DftiFreeDescriptor'
collect2.exe: error: ld returned 1 exit status
